build/app/outputs/mapping/release/mapping.txt
# compiler: R8
# compiler_version: 1.5.64
# min_api: 16
# pg_map_id: 9d21d3b
...
android.support.v4.media.MediaBrowserCompat$MediaBrowserImplBase$MediaServiceConnection -> android.support.v4.media.MediaBrowserCompat$i$c:
    android.support.v4.media.MediaBrowserCompat$MediaBrowserImplBase this$0 -> a
    boolean isCurrent(java.lang.String) -> a
    void postOrRun(java.lang.Runnable) -> a
android.support.v4.media.MediaBrowserCompat$MediaBrowserImplBase$MediaServiceConnection$1 -> android.support.v4.media.MediaBrowserCompat$i$c$a:
    android.os.IBinder val$binder -> b
    android.content.ComponentName val$name -> a
    android.support.v4.media.MediaBrowserCompat$MediaBrowserImplBase$MediaServiceConnection this$1 -> c
android.support.v4.media.MediaBrowserCompat$MediaBrowserImplBase$MediaServiceConnection$2 -> android.support.v4.media.MediaBrowserCompat$i$c$b:
    android.content.ComponentName val$name -> a
    android.support.v4.media.MediaBrowserCompat$MediaBrowserImplBase$MediaServiceConnection this$1 -> b
android.support.v4.media.MediaBrowserCompat$MediaBrowserServiceCallbackImpl -> android.support.v4.media.MediaBrowserCompat$j:
    void onConnectionFailed(android.os.Messenger) -> a
    void onLoadChildren(android.os.Messenger,java.lang.String,java.util.List,android.os.Bundle,android.os.Bundle) -> a
    void onServiceConnected(android.os.Messenger,java.lang.String,android.support.v4.media.session.MediaSessionCompat$Token,android.os.Bundle) -> a
android.support.v4.media.MediaBrowserCompat$MediaItem -> android.support.v4.media.MediaBrowserCompat$MediaItem:
    android.support.v4.media.MediaDescriptionCompat mDescription -> b
    int mFlags -> a
    android.support.v4.media.MediaBrowserCompat$MediaItem fromMediaItem(java.lang.Object) -> a
    java.util.List fromMediaItemList(java.util.List) -> a
    android.support.v4.media.MediaDescriptionCompat getDescription() -> c
android.support.v4.media.MediaBrowserCompat$MediaItem$1 -> android.support.v4.media.MediaBrowserCompat$MediaItem$a:
android.support.v4.media.MediaBrowserCompat$SearchCallback -> android.support.v4.media.MediaBrowserCompat$k:
    void onError(java.lang.String,android.os.Bundle) -> a
    void onSearchResult(java.lang.String,android.os.Bundle,java.util.List) -> a
android.support.v4.media.MediaBrowserCompat$SearchResultReceiver -> android.support.v4.media.MediaBrowserCompat$SearchResultReceiver:
    android.os.Bundle mExtras -> e
    android.support.v4.media.MediaBrowserCompat$SearchCallback mCallback -> f
    java.lang.String mQuery -> d
    void onReceiveResult(int,android.os.Bundle) -> a
android.support.v4.media.MediaBrowserCompat$ServiceBinderWrapper -> android.support.v4.media.MediaBrowserCompat$l:
    android.os.Messenger mMessenger -> a
    android.os.Bundle mRootHints -> b
    void addSubscription(java.lang.String,android.os.IBinder,android.os.Bundle,android.os.Messenger) -> a
    void connect(android.content.Context,android.os.Messenger) -> a
    void disconnect(android.os.Messenger) -> a
    void removeSubscription(java.lang.String,android.os.IBinder,android.os.Messenger) -> a
    void sendRequest(int,android.os.Bundle,android.os.Messenger) -> a
    void registerCallbackMessenger(android.content.Context,android.os.Messenger) -> b
    void unregisterCallbackMessenger(android.os.Messenger) -> b
android.support.v4.media.MediaBrowserCompat$Subscription -> android.support.v4.media.MediaBrowserCompat$m:
    java.util.List mOptionsList -> b
    java.util.List mCallbacks -> a
    android.support.v4.media.MediaBrowserCompat$SubscriptionCallback getCallback(android.os.Bundle) -> a
    java.util.List getCallbacks() -> a
    void putCallback(android.os.Bundle,android.support.v4.media.MediaBrowserCompat$SubscriptionCallback) -> a
    java.util.List getOptionsList() -> b
    boolean isEmpty() -> c